Using pre-set license
Built from '2020.3/staging' branch; Version is '2020.3.0f1 (c7b5465681fb) revision 13088070'; Using compiler version '192528614'; Build Type 'Release'
OS: 'Windows 10 Pro; OS build 19042.867; Version 2009; 64bit' Language: 'en' Physical Memory: 22465 MB
BatchMode: 1, IsHumanControllingUs: 0, StartBugReporterOnCrash: 0, Is64bit: 1, IsPro: 0

 COMMAND LINE ARGUMENTS:
C:\Program Files\Unity\Hub\Editor\2020.3.0f1\Editor\Unity.exe
-adb2
-batchMode
-noUpm
-name
AssetImportWorker0
-projectPath
C:/Users/bears/Desktop/Projects/Beyond The Void/Beyond-The-void/BeyondTheVoid
-logFile
Logs/AssetImportWorker0.log
-srvPort
52214
Successfully changed project path to: C:/Users/bears/Desktop/Projects/Beyond The Void/Beyond-The-void/BeyondTheVoid
C:/Users/bears/Desktop/Projects/Beyond The Void/Beyond-The-void/BeyondTheVoid
Using Asset Import Pipeline V2.
Refreshing native plugins compatible for Editor in 64.79 ms, found 1 plugins.
Preloading 0 native plugins for Editor in 0.00 ms.
Initialize engine version: 2020.3.0f1 (c7b5465681fb)
[Subsystems] Discovering subsystems at path C:/Program Files/Unity/Hub/Editor/2020.3.0f1/Editor/Data/Resources/UnitySubsystems
[Subsystems] Discovering subsystems at path C:/Users/bears/Desktop/Projects/Beyond The Void/Beyond-The-void/BeyondTheVoid/Assets
GfxDevice: creating device client; threaded=0
Direct3D:
    Version:  Direct3D 11.0 [level 11.1]
    Renderer: NVIDIA GeForce GTX 1650 (ID=0x1f99)
    Vendor:   
    VRAM:     3965 MB
    Driver:   27.21.14.6172
Shader 'Universal Render Pipeline/Particles/Lit': fallback shader 'Universal Render Pipeline/Particles/SimpleLit' not found
Initialize mono
Mono path[0] = 'C:/Program Files/Unity/Hub/Editor/2020.3.0f1/Editor/Data/Managed'
Mono path[1] = 'C:/Program Files/Unity/Hub/Editor/2020.3.0f1/Editor/Data/MonoBleedingEdge/lib/mono/unityjit'
Mono config path = 'C:/Program Files/Unity/Hub/Editor/2020.3.0f1/Editor/Data/MonoBleedingEdge/etc'
Using monoOptions --debugger-agent=transport=dt_socket,embedding=1,server=y,suspend=n,address=127.0.0.1:56916
Begin MonoManager ReloadAssembly
Registering precompiled unity dll's ...
Register platform support module: C:/Program Files/Unity/Hub/Editor/2020.3.0f1/Editor/Data/PlaybackEngines/WindowsStandaloneSupport/UnityEditor.WindowsStandalone.Extensions.dll
Registered in 0.002911 seconds.
Native extension for WindowsStandalone target not found
Refreshing native plugins compatible for Editor in 71.96 ms, found 1 plugins.
Preloading 0 native plugins for Editor in 0.00 ms.
Invoked RoslynAnalysisRunner static constructor.
RoslynAnalysisRunner will not be running.
RoslynAnalysisRunner has terminated.
Mono: successfully reloaded assembly
- Completed reload, in  1.373 seconds
Platform modules already initialized, skipping
Registering precompiled user dll's ...
Registered in 0.002645 seconds.
Begin MonoManager ReloadAssembly
Native extension for WindowsStandalone target not found
Refreshing native plugins compatible for Editor in 70.77 ms, found 1 plugins.
Preloading 0 native plugins for Editor in 0.00 ms.
Invoked RoslynAnalysisRunner static constructor.
RoslynAnalysisRunner will not be running.
RoslynAnalysisRunner has terminated.
Mono: successfully reloaded assembly
- Completed reload, in  1.301 seconds
Platform modules already initialized, skipping
========================================================================
Worker process is ready to serve import requests
Shader 'Universal Render Pipeline/Particles/Lit': fallback shader 'Universal Render Pipeline/Particles/SimpleLit' not found
Launched and connected shader compiler UnityShaderCompiler.exe after 0.05 seconds
Refreshing native plugins compatible for Editor in 0.68 ms, found 1 plugins.
Preloading 0 native plugins for Editor in 0.00 ms.
Unloading 2898 Unused Serialized files (Serialized files now loaded: 0)
System memory in use before: 124.8 MB.
System memory in use after: 124.9 MB.

Unloading 25 unused Assets to reduce memory usage. Loaded Objects now: 3340.
Total: 3.639000 ms (FindLiveObjects: 0.379200 ms CreateObjectMapping: 0.116600 ms MarkObjects: 2.965300 ms  DeleteObjects: 0.174500 ms)

========================================================================
Received Import Request.
  path: Assets/UniversalRenderPipelineAsset.asset
  artifactKey: Guid(6c67dd8809fa81147952453d64c6d808) Importer(815301076,1909f56bfc062723c751e8b465ee728b)
Start importing Assets/UniversalRenderPipelineAsset.asset using Guid(6c67dd8809fa81147952453d64c6d808) Importer(815301076,1909f56bfc062723c751e8b465ee728b)  -> (artifact id: 'c44cff0aea69a7b3e33b40335dde1d75') in 0.094495 seconds
  Import took 0.101168 seconds .

========================================================================
Received Import Request.
  Time since last request: 0.000415 seconds.
  path: Assets/UniversalRenderPipelineAsset_Renderer.asset
  artifactKey: Guid(4e1f1a8acc2484d4194d5052dafc22d0) Importer(815301076,1909f56bfc062723c751e8b465ee728b)
Start importing Assets/UniversalRenderPipelineAsset_Renderer.asset using Guid(4e1f1a8acc2484d4194d5052dafc22d0) Importer(815301076,1909f56bfc062723c751e8b465ee728b)  -> (artifact id: '8d77baf742f681ed92f7672d77023698') in 0.042584 seconds
  Import took 0.049167 seconds .

========================================================================
Received Import Request.
  Time since last request: 0.000220 seconds.
  path: Assets/UniversalRenderPipelineAsset.asset
  artifactKey: Guid(6c67dd8809fa81147952453d64c6d808) Importer(815301076,1909f56bfc062723c751e8b465ee728b)
Start importing Assets/UniversalRenderPipelineAsset.asset using Guid(6c67dd8809fa81147952453d64c6d808) Importer(815301076,1909f56bfc062723c751e8b465ee728b)  -> (artifact id: 'c44cff0aea69a7b3e33b40335dde1d75') in 0.026496 seconds
  Import took 0.033622 seconds .

========================================================================
Received Import Request.
  Time since last request: 0.963266 seconds.
  path: Assets
  artifactKey: Guid(00000000000000001000000000000000) Importer(815301076,1909f56bfc062723c751e8b465ee728b)
Start importing Assets using Guid(00000000000000001000000000000000) Importer(815301076,1909f56bfc062723c751e8b465ee728b)  -> (artifact id: '42baae205c97e3337697759514652acd') in 0.010120 seconds
  Import took 0.015266 seconds .

========================================================================
Received Import Request.
  Time since last request: 5.258139 seconds.
  path: Assets/New 2D Renderer Data.asset
  artifactKey: Guid(acbe4af12a23a8e4eb3a579c69aa8762) Importer(815301076,1909f56bfc062723c751e8b465ee728b)
Start importing Assets/New 2D Renderer Data.asset using Guid(acbe4af12a23a8e4eb3a579c69aa8762) Importer(815301076,1909f56bfc062723c751e8b465ee728b)  -> (artifact id: 'fdfbcb315fb026a3d8caea4386def3df') in 0.039826 seconds
  Import took 0.047225 seconds .

========================================================================
Received Prepare
Shader 'Universal Render Pipeline/Particles/Lit': fallback shader 'Universal Render Pipeline/Particles/SimpleLit' not found
Refreshing native plugins compatible for Editor in 2.85 ms, found 1 plugins.
Preloading 0 native plugins for Editor in 0.00 ms.
Unloading 60 Unused Serialized files (Serialized files now loaded: 0)
System memory in use before: 68.2 MB.
System memory in use after: 68.3 MB.

Unloading 11 unused Assets to reduce memory usage. Loaded Objects now: 3389.
Total: 5.272800 ms (FindLiveObjects: 0.615700 ms CreateObjectMapping: 0.227200 ms MarkObjects: 4.260100 ms  DeleteObjects: 0.167300 ms)

========================================================================
Received Import Request.
  Time since last request: 24.821578 seconds.
  path: Assets/UniversalRenderPipelineAsset.asset
  artifactKey: Guid(6c67dd8809fa81147952453d64c6d808) Importer(815301076,1909f56bfc062723c751e8b465ee728b)
Start importing Assets/UniversalRenderPipelineAsset.asset using Guid(6c67dd8809fa81147952453d64c6d808) Importer(815301076,1909f56bfc062723c751e8b465ee728b)  -> (artifact id: 'b83b3de66f299f97824785593a4aaa27') in 0.012023 seconds
  Import took 0.017699 seconds .

========================================================================
Received Import Request.
  Time since last request: 0.000221 seconds.
  path: Assets/New 2D Renderer Data.asset
  artifactKey: Guid(acbe4af12a23a8e4eb3a579c69aa8762) Importer(815301076,1909f56bfc062723c751e8b465ee728b)
Start importing Assets/New 2D Renderer Data.asset using Guid(acbe4af12a23a8e4eb3a579c69aa8762) Importer(815301076,1909f56bfc062723c751e8b465ee728b)  -> (artifact id: 'f843459f65888e700456febfe606c866') in 0.005677 seconds
  Import took 0.010938 seconds .

