Using pre-set license
Built from '2020.2/staging' branch; Version is '2020.2.7f1 (c53830e277f1) revision 12924976'; Using compiler version '192528614'; Build Type 'Release'
OS: 'Windows 10 Pro; OS build 19042.867; Version 2009; 64bit' Language: 'en' Physical Memory: 22465 MB
BatchMode: 1, IsHumanControllingUs: 0, StartBugReporterOnCrash: 0, Is64bit: 1, IsPro: 0

 COMMAND LINE ARGUMENTS:
C:\Program Files\Unity\Hub\Editor\2020.2.7f1\Editor\Unity.exe
-adb2
-batchMode
-noUpm
-name
AssetImportWorker0
-projectPath
C:/Users/bears/Desktop/Projects/Beyond The Void
-logFile
Logs/AssetImportWorker0.log
-srvPort
63125
Successfully changed project path to: C:/Users/bears/Desktop/Projects/Beyond The Void
C:/Users/bears/Desktop/Projects/Beyond The Void
Using Asset Import Pipeline V2.
Refreshing native plugins compatible for Editor in 26.17 ms, found 0 plugins.
Preloading 0 native plugins for Editor in 0.00 ms.
Initialize engine version: 2020.2.7f1 (c53830e277f1)
[Subsystems] Discovering subsystems at path C:/Program Files/Unity/Hub/Editor/2020.2.7f1/Editor/Data/Resources/UnitySubsystems
[Subsystems] Discovering subsystems at path C:/Users/bears/Desktop/Projects/Beyond The Void/Assets
GfxDevice: creating device client; threaded=0
Direct3D:
    Version:  Direct3D 11.0 [level 11.1]
    Renderer: NVIDIA GeForce GTX 1650 (ID=0x1f99)
    Vendor:   
    VRAM:     3965 MB
    Driver:   27.21.14.6172
Initialize mono
Mono path[0] = 'C:/Program Files/Unity/Hub/Editor/2020.2.7f1/Editor/Data/Managed'
Mono path[1] = 'C:/Program Files/Unity/Hub/Editor/2020.2.7f1/Editor/Data/MonoBleedingEdge/lib/mono/unityjit'
Mono config path = 'C:/Program Files/Unity/Hub/Editor/2020.2.7f1/Editor/Data/MonoBleedingEdge/etc'
Using monoOptions --debugger-agent=transport=dt_socket,embedding=1,server=y,suspend=n,address=127.0.0.1:56648
Begin MonoManager ReloadAssembly
Registering precompiled unity dll's ...
Register platform support module: C:/Program Files/Unity/Hub/Editor/2020.2.7f1/Editor/Data/PlaybackEngines/WindowsStandaloneSupport/UnityEditor.WindowsStandalone.Extensions.dll
Registered in 0.002724 seconds.
Native extension for WindowsStandalone target not found
Refreshing native plugins compatible for Editor in 26.30 ms, found 0 plugins.
Preloading 0 native plugins for Editor in 0.00 ms.
Invoked RoslynAnalysisRunner static constructor.
RoslynAnalysisRunner will not be running.
RoslynAnalysisRunner has terminated.
Mono: successfully reloaded assembly
- Completed reload, in  1.317 seconds
Platform modules already initialized, skipping
Registering precompiled user dll's ...
Registered in 0.001182 seconds.
Begin MonoManager ReloadAssembly
Native extension for WindowsStandalone target not found
Refreshing native plugins compatible for Editor in 0.29 ms, found 0 plugins.
Preloading 0 native plugins for Editor in 0.00 ms.
Invoked RoslynAnalysisRunner static constructor.
RoslynAnalysisRunner will not be running.
RoslynAnalysisRunner has terminated.
Mono: successfully reloaded assembly
- Completed reload, in  1.002 seconds
Platform modules already initialized, skipping
========================================================================
Worker process is ready to serve import requests
Launched and connected shader compiler UnityShaderCompiler.exe after 0.06 seconds
Refreshing native plugins compatible for Editor in 0.31 ms, found 0 plugins.
Preloading 0 native plugins for Editor in 0.00 ms.
Unloading 1115 Unused Serialized files (Serialized files now loaded: 0)
System memory in use before: 56.9 MB.
System memory in use after: 57.0 MB.

Unloading 10 unused Assets to reduce memory usage. Loaded Objects now: 1557.
Total: 3.608000 ms (FindLiveObjects: 0.283800 ms CreateObjectMapping: 0.094600 ms MarkObjects: 3.105800 ms  DeleteObjects: 0.121200 ms)

========================================================================
Received Import Request.
  path: Assets/SpaceSkies Free/Skybox_1/Pink_4K_Resolution.mat
  artifactKey: Guid(8401881fcb9afd34eb383fc90bbbbddc) Importer(815301076,1909f56bfc062723c751e8b465ee728b)
Start importing Assets/SpaceSkies Free/Skybox_1/Pink_4K_Resolution.mat using Guid(8401881fcb9afd34eb383fc90bbbbddc) Importer(815301076,1909f56bfc062723c751e8b465ee728b)  -> (artifact id: '580f17a4ac75961fbbadbcf3a1776b5d') in 0.400352 seconds
  Import took 0.403028 seconds .

========================================================================
Received Import Request.
  Time since last request: 0.000220 seconds.
  path: Assets/SpaceSkies Free/Skybox_1/Pink_1K_Resolution.mat
  artifactKey: Guid(3e8bc5155c4c9ed46a63ac64c06408f3) Importer(815301076,1909f56bfc062723c751e8b465ee728b)
Start importing Assets/SpaceSkies Free/Skybox_1/Pink_1K_Resolution.mat using Guid(3e8bc5155c4c9ed46a63ac64c06408f3) Importer(815301076,1909f56bfc062723c751e8b465ee728b)  -> (artifact id: 'd1361a04a987788d6ee84278939a47c8') in 0.034139 seconds
  Import took 0.036488 seconds .

========================================================================
Received Import Request.
  Time since last request: 0.000221 seconds.
  path: Assets/SpaceSkies Free
  artifactKey: Guid(6103ce117f0fbdd41bf4aef22906402c) Importer(815301076,1909f56bfc062723c751e8b465ee728b)
Start importing Assets/SpaceSkies Free using Guid(6103ce117f0fbdd41bf4aef22906402c) Importer(815301076,1909f56bfc062723c751e8b465ee728b)  -> (artifact id: '7d3924a898479925164435fc3329c642') in 0.011831 seconds
  Import took 0.014415 seconds .

========================================================================
Received Import Request.
  Time since last request: 0.000237 seconds.
  path: Assets/SpaceSkies Free/Skybox_1
  artifactKey: Guid(9a2b23d02abff604bb3b2c8b76ee104b) Importer(815301076,1909f56bfc062723c751e8b465ee728b)
Start importing Assets/SpaceSkies Free/Skybox_1 using Guid(9a2b23d02abff604bb3b2c8b76ee104b) Importer(815301076,1909f56bfc062723c751e8b465ee728b)  -> (artifact id: '0fbb6d3f045256434fc79867c79b24dc') in 0.012981 seconds
  Import took 0.015499 seconds .

========================================================================
Received Import Request.
  Time since last request: 0.000200 seconds.
  path: Assets/SpaceSkies Free/Skybox_1/Pink_2K_Resolution.mat
  artifactKey: Guid(9f69d571a9cb54943b5a80ccd6b19e96) Importer(815301076,1909f56bfc062723c751e8b465ee728b)
Start importing Assets/SpaceSkies Free/Skybox_1/Pink_2K_Resolution.mat using Guid(9f69d571a9cb54943b5a80ccd6b19e96) Importer(815301076,1909f56bfc062723c751e8b465ee728b)  -> (artifact id: '3f50e315ba090acd3b79d6c3949071a0') in 0.049547 seconds
  Import took 0.052723 seconds .

========================================================================
Received Import Request.
  Time since last request: 0.996335 seconds.
  path: Assets/SpaceSkies Free/Skybox_1/Textures
  artifactKey: Guid(02cf5c3336924bf4bbeb6152a0d8da8b) Importer(815301076,1909f56bfc062723c751e8b465ee728b)
Start importing Assets/SpaceSkies Free/Skybox_1/Textures using Guid(02cf5c3336924bf4bbeb6152a0d8da8b) Importer(815301076,1909f56bfc062723c751e8b465ee728b)  -> (artifact id: 'ba516bbe6881f67ff30341fbf96dea62') in 0.010894 seconds
  Import took 0.013202 seconds .

========================================================================
Received Import Request.
  Time since last request: 3.523872 seconds.
  path: Assets/SpaceSkies Free/Skybox_1/Textures/4K_Resolution
  artifactKey: Guid(bafd58aaef15d2b4daa1850e8e71d177) Importer(815301076,1909f56bfc062723c751e8b465ee728b)
Start importing Assets/SpaceSkies Free/Skybox_1/Textures/4K_Resolution using Guid(bafd58aaef15d2b4daa1850e8e71d177) Importer(815301076,1909f56bfc062723c751e8b465ee728b)  -> (artifact id: '2614f5a33c844cddb7505b8bc6fb760f') in 0.010722 seconds
  Import took 0.013335 seconds .

========================================================================
Received Import Request.
  Time since last request: 0.049591 seconds.
  path: Assets/SpaceSkies Free/Skybox_1/Textures/4K_Resolution/Back_4K_TEX.png
  artifactKey: Guid(ea75323f20e3eaa4ea6cd5ae9763e5bd) Importer(815301076,1909f56bfc062723c751e8b465ee728b)
Start importing Assets/SpaceSkies Free/Skybox_1/Textures/4K_Resolution/Back_4K_TEX.png using Guid(ea75323f20e3eaa4ea6cd5ae9763e5bd) Importer(815301076,1909f56bfc062723c751e8b465ee728b)  -> (artifact id: '830921b58c0b5e24ff72c422a6843b86') in 0.073290 seconds
  Import took 0.075490 seconds .

========================================================================
Received Import Request.
  Time since last request: 0.000202 seconds.
  path: Assets/SpaceSkies Free/Skybox_1/Textures/4K_Resolution/Up_4K_TEX.png
  artifactKey: Guid(e3910dca1fac1894e95d811bb9e0e995) Importer(815301076,1909f56bfc062723c751e8b465ee728b)
Start importing Assets/SpaceSkies Free/Skybox_1/Textures/4K_Resolution/Up_4K_TEX.png using Guid(e3910dca1fac1894e95d811bb9e0e995) Importer(815301076,1909f56bfc062723c751e8b465ee728b)  -> (artifact id: 'a816b4fb03a15519b8f34a9e76bf3fbb') in 0.022818 seconds
  Import took 0.024930 seconds .

========================================================================
Received Import Request.
  Time since last request: 0.000194 seconds.
  path: Assets/SpaceSkies Free/Skybox_1/Textures/4K_Resolution/Down_4K_TEX.png
  artifactKey: Guid(3f3332868f90d9247ba60a10ab3edf8f) Importer(815301076,1909f56bfc062723c751e8b465ee728b)
Start importing Assets/SpaceSkies Free/Skybox_1/Textures/4K_Resolution/Down_4K_TEX.png using Guid(3f3332868f90d9247ba60a10ab3edf8f) Importer(815301076,1909f56bfc062723c751e8b465ee728b)  -> (artifact id: 'fa254a0bfabbc18345b0d6ac0611f44f') in 0.028844 seconds
  Import took 0.031116 seconds .

========================================================================
Received Import Request.
  Time since last request: 0.000214 seconds.
  path: Assets/SpaceSkies Free/Skybox_1/Textures/4K_Resolution/Left_4K_TEX.png
  artifactKey: Guid(0df7cac303be5da4b8a48d3fef142f03) Importer(815301076,1909f56bfc062723c751e8b465ee728b)
Start importing Assets/SpaceSkies Free/Skybox_1/Textures/4K_Resolution/Left_4K_TEX.png using Guid(0df7cac303be5da4b8a48d3fef142f03) Importer(815301076,1909f56bfc062723c751e8b465ee728b)  -> (artifact id: 'b85f657920aec9a89c2f454e5e9c4fe5') in 0.028301 seconds
  Import took 0.030607 seconds .

========================================================================
Received Import Request.
  Time since last request: 0.000211 seconds.
  path: Assets/SpaceSkies Free/Skybox_1/Textures/4K_Resolution/Right_4K_TEX.png
  artifactKey: Guid(985fa1ea9fecfaf469918bae7e557416) Importer(815301076,1909f56bfc062723c751e8b465ee728b)
Start importing Assets/SpaceSkies Free/Skybox_1/Textures/4K_Resolution/Right_4K_TEX.png using Guid(985fa1ea9fecfaf469918bae7e557416) Importer(815301076,1909f56bfc062723c751e8b465ee728b)  -> (artifact id: '989982a071124b68865cf43b078bc64c') in 0.031035 seconds
  Import took 0.033362 seconds .

========================================================================
Received Import Request.
  Time since last request: 0.000198 seconds.
  path: Assets/SpaceSkies Free/Skybox_1/Textures/4K_Resolution/Front_4K_TEX.png
  artifactKey: Guid(2294659746b7dc74a9bd4b40fbbf13f1) Importer(815301076,1909f56bfc062723c751e8b465ee728b)
Start importing Assets/SpaceSkies Free/Skybox_1/Textures/4K_Resolution/Front_4K_TEX.png using Guid(2294659746b7dc74a9bd4b40fbbf13f1) Importer(815301076,1909f56bfc062723c751e8b465ee728b)  -> (artifact id: '168893d86c3675f4cfecba2ada30f7d6') in 0.025695 seconds
  Import took 0.027971 seconds .

========================================================================
Received Import Request.
  Time since last request: 9.519848 seconds.
  path: Assets/SpaceSkies Free/Demo/Scripts
  artifactKey: Guid(7080738d246006747964bbce844203b4) Importer(815301076,1909f56bfc062723c751e8b465ee728b)
Start importing Assets/SpaceSkies Free/Demo/Scripts using Guid(7080738d246006747964bbce844203b4) Importer(815301076,1909f56bfc062723c751e8b465ee728b)  -> (artifact id: 'a0350e5fac888e16f57c493ce9dd0b5c') in 0.011980 seconds
  Import took 0.014550 seconds .

========================================================================
Received Import Request.
  Time since last request: 3.066501 seconds.
  path: Assets/SpaceSkies Free/Demo/Scripts/SkyboxChanger.cs
  artifactKey: Guid(dca6002b33ac5bc48b39588e222296fb) Importer(815301076,1909f56bfc062723c751e8b465ee728b)
Start importing Assets/SpaceSkies Free/Demo/Scripts/SkyboxChanger.cs using Guid(dca6002b33ac5bc48b39588e222296fb) Importer(815301076,1909f56bfc062723c751e8b465ee728b)  -> (artifact id: '3f0bf3a561b79614c60b8bb77ea7bcc8') in 0.017382 seconds
  Import took 0.020424 seconds .

========================================================================
Received Import Request.
  Time since last request: 4.389179 seconds.
  path: Assets/SpaceSkies Free/Demo/DemoScene.unity
  artifactKey: Guid(47cd513b8c4397e4ca272a1ff269d933) Importer(815301076,1909f56bfc062723c751e8b465ee728b)
Start importing Assets/SpaceSkies Free/Demo/DemoScene.unity using Guid(47cd513b8c4397e4ca272a1ff269d933) Importer(815301076,1909f56bfc062723c751e8b465ee728b)  -> (artifact id: '1cf79bbe799f44564c3e861edbc97a13') in 0.013059 seconds
  Import took 0.015210 seconds .

========================================================================
Received Import Request.
  Time since last request: 81.245317 seconds.
  path: Assets/SpaceSkies Free/Skybox_1/Textures/2K_Resolution/Back_2K_TEX.png
  artifactKey: Guid(20e38473ff639ed429d08288b1db43c8) Importer(815301076,1909f56bfc062723c751e8b465ee728b)
Start importing Assets/SpaceSkies Free/Skybox_1/Textures/2K_Resolution/Back_2K_TEX.png using Guid(20e38473ff639ed429d08288b1db43c8) Importer(815301076,1909f56bfc062723c751e8b465ee728b)  -> (artifact id: '0b23e11b50fc5dce0b3c27d5771dc9b1') in 0.030182 seconds
  Import took 0.033066 seconds .

========================================================================
Received Import Request.
  Time since last request: 0.000212 seconds.
  path: Assets/SpaceSkies Free/Skybox_1/Textures/2K_Resolution/Down_2K_TEX.png
  artifactKey: Guid(fcc68c2cbd648c943a4a182eb75c5aec) Importer(815301076,1909f56bfc062723c751e8b465ee728b)
Start importing Assets/SpaceSkies Free/Skybox_1/Textures/2K_Resolution/Down_2K_TEX.png using Guid(fcc68c2cbd648c943a4a182eb75c5aec) Importer(815301076,1909f56bfc062723c751e8b465ee728b)  -> (artifact id: 'b9971d4142f09ab798adcf4ebaf44044') in 0.024393 seconds
  Import took 0.026502 seconds .

========================================================================
Received Import Request.
  Time since last request: 0.000232 seconds.
  path: Assets/SpaceSkies Free/Skybox_1/Textures/2K_Resolution/Up_2K_TEX.png
  artifactKey: Guid(a096daa9a788d7342892ce655a940dba) Importer(815301076,1909f56bfc062723c751e8b465ee728b)
Start importing Assets/SpaceSkies Free/Skybox_1/Textures/2K_Resolution/Up_2K_TEX.png using Guid(a096daa9a788d7342892ce655a940dba) Importer(815301076,1909f56bfc062723c751e8b465ee728b)  -> (artifact id: '3ea0d89174c0780288f4b223c1c54872') in 0.036431 seconds
  Import took 0.038837 seconds .

========================================================================
Received Import Request.
  Time since last request: 0.000192 seconds.
  path: Assets/SpaceSkies Free/Skybox_1/Textures/2K_Resolution/Front_2K_TEX.png
  artifactKey: Guid(2daf11d2089545f42aa9216c3b59130f) Importer(815301076,1909f56bfc062723c751e8b465ee728b)
Start importing Assets/SpaceSkies Free/Skybox_1/Textures/2K_Resolution/Front_2K_TEX.png using Guid(2daf11d2089545f42aa9216c3b59130f) Importer(815301076,1909f56bfc062723c751e8b465ee728b)  -> (artifact id: 'dd39c216fe244be45bb9c51dc82dd3f1') in 0.027875 seconds
  Import took 0.030051 seconds .

========================================================================
Received Import Request.
  Time since last request: 0.000222 seconds.
  path: Assets/SpaceSkies Free/Skybox_1/Textures/2K_Resolution/Right_2K_TEX.png
  artifactKey: Guid(0f0052075ea2b254cb5a17bca8f04edb) Importer(815301076,1909f56bfc062723c751e8b465ee728b)
Start importing Assets/SpaceSkies Free/Skybox_1/Textures/2K_Resolution/Right_2K_TEX.png using Guid(0f0052075ea2b254cb5a17bca8f04edb) Importer(815301076,1909f56bfc062723c751e8b465ee728b)  -> (artifact id: 'cfb1072c42871e94e66bb82bd9776667') in 0.026296 seconds
  Import took 0.029016 seconds .

========================================================================
Received Import Request.
  Time since last request: 0.000320 seconds.
  path: Assets/SpaceSkies Free/Skybox_1/Textures/2K_Resolution/Left_2K_TEX.png
  artifactKey: Guid(4e305140e2a136c449648e67d9b747fc) Importer(815301076,1909f56bfc062723c751e8b465ee728b)
Start importing Assets/SpaceSkies Free/Skybox_1/Textures/2K_Resolution/Left_2K_TEX.png using Guid(4e305140e2a136c449648e67d9b747fc) Importer(815301076,1909f56bfc062723c751e8b465ee728b)  -> (artifact id: '4f7e9697730181ba3e9b0bdf1d109674') in 0.030074 seconds
  Import took 0.032365 seconds .

========================================================================
Received Import Request.
  Time since last request: 0.000221 seconds.
  path: Assets/SpaceSkies Free/Skybox_1/Textures/2K_Resolution/Right_2K_TEX.png
  artifactKey: Guid(0f0052075ea2b254cb5a17bca8f04edb) Importer(815301076,1909f56bfc062723c751e8b465ee728b)
Start importing Assets/SpaceSkies Free/Skybox_1/Textures/2K_Resolution/Right_2K_TEX.png using Guid(0f0052075ea2b254cb5a17bca8f04edb) Importer(815301076,1909f56bfc062723c751e8b465ee728b)  -> (artifact id: 'cfb1072c42871e94e66bb82bd9776667') in 0.019904 seconds
  Import took 0.022493 seconds .

========================================================================
Received Prepare
Registering precompiled user dll's ...
Registered in 0.000919 seconds.
Begin MonoManager ReloadAssembly
Native extension for WindowsStandalone target not found
Refreshing native plugins compatible for Editor in 0.39 ms, found 0 plugins.
Preloading 0 native plugins for Editor in 0.00 ms.
Invoked RoslynAnalysisRunner static constructor.
RoslynAnalysisRunner will not be running.
RoslynAnalysisRunner has terminated.
Mono: successfully reloaded assembly
- Completed reload, in  1.217 seconds
Platform modules already initialized, skipping
Refreshing native plugins compatible for Editor in 0.33 ms, found 0 plugins.
Preloading 0 native plugins for Editor in 0.00 ms.
Unloading 1110 Unused Serialized files (Serialized files now loaded: 0)
System memory in use before: 60.3 MB.
System memory in use after: 60.4 MB.

Unloading 5 unused Assets to reduce memory usage. Loaded Objects now: 1602.
Total: 2.229300 ms (FindLiveObjects: 0.244200 ms CreateObjectMapping: 0.038400 ms MarkObjects: 1.879700 ms  DeleteObjects: 0.065200 ms)

========================================================================
Received Prepare
Registering precompiled user dll's ...
Registered in 0.000923 seconds.
Begin MonoManager ReloadAssembly
Native extension for WindowsStandalone target not found
Refreshing native plugins compatible for Editor in 0.25 ms, found 0 plugins.
Preloading 0 native plugins for Editor in 0.00 ms.
Invoked RoslynAnalysisRunner static constructor.
RoslynAnalysisRunner will not be running.
RoslynAnalysisRunner has terminated.
Mono: successfully reloaded assembly
- Completed reload, in  0.997 seconds
Platform modules already initialized, skipping
Refreshing native plugins compatible for Editor in 0.28 ms, found 0 plugins.
Preloading 0 native plugins for Editor in 0.00 ms.
Unloading 1110 Unused Serialized files (Serialized files now loaded: 0)
System memory in use before: 60.3 MB.
System memory in use after: 60.4 MB.

Unloading 5 unused Assets to reduce memory usage. Loaded Objects now: 1605.
Total: 2.286500 ms (FindLiveObjects: 0.270200 ms CreateObjectMapping: 0.045900 ms MarkObjects: 1.906800 ms  DeleteObjects: 0.062200 ms)

========================================================================
Received Prepare
Registering precompiled user dll's ...
Registered in 0.001129 seconds.
Begin MonoManager ReloadAssembly
Native extension for WindowsStandalone target not found
Refreshing native plugins compatible for Editor in 0.25 ms, found 0 plugins.
Preloading 0 native plugins for Editor in 0.00 ms.
Invoked RoslynAnalysisRunner static constructor.
RoslynAnalysisRunner will not be running.
RoslynAnalysisRunner has terminated.
Mono: successfully reloaded assembly
- Completed reload, in  1.023 seconds
Platform modules already initialized, skipping
Refreshing native plugins compatible for Editor in 0.24 ms, found 0 plugins.
Preloading 0 native plugins for Editor in 0.00 ms.
Unloading 1108 Unused Serialized files (Serialized files now loaded: 0)
System memory in use before: 60.3 MB.
System memory in use after: 60.4 MB.

Unloading 7 unused Assets to reduce memory usage. Loaded Objects now: 1606.
Total: 2.140300 ms (FindLiveObjects: 0.180500 ms CreateObjectMapping: 0.035100 ms MarkObjects: 1.853100 ms  DeleteObjects: 0.069100 ms)

========================================================================
Received Import Request.
  Time since last request: 21.696317 seconds.
  path: Assets/Skybox/Skybox_1/Textures/1K_Resolution/Front_1K_TEX.png
  artifactKey: Guid(94cdbf28af4a2b942b032dd0a5d91221) Importer(815301076,1909f56bfc062723c751e8b465ee728b)
Start importing Assets/Skybox/Skybox_1/Textures/1K_Resolution/Front_1K_TEX.png using Guid(94cdbf28af4a2b942b032dd0a5d91221) Importer(815301076,1909f56bfc062723c751e8b465ee728b)  -> (artifact id: '90ac7f5a4c05e9f92cca41c67c84d3e1') in 0.051887 seconds
  Import took 0.054388 seconds .

========================================================================
Received Import Request.
  Time since last request: 0.000203 seconds.
  path: Assets/Skybox/Skybox_1/Textures/1K_Resolution/Back_1K_TEX.png
  artifactKey: Guid(52d452284176b2741bc26215319bbb28) Importer(815301076,1909f56bfc062723c751e8b465ee728b)
Start importing Assets/Skybox/Skybox_1/Textures/1K_Resolution/Back_1K_TEX.png using Guid(52d452284176b2741bc26215319bbb28) Importer(815301076,1909f56bfc062723c751e8b465ee728b)  -> (artifact id: 'd6a5c863578a34e9f50b44180f08855a') in 0.025346 seconds
  Import took 0.027549 seconds .

========================================================================
Received Import Request.
  Time since last request: 0.000190 seconds.
  path: Assets/Skybox/Skybox_1/Textures/1K_Resolution/Right_1K_TEX.png
  artifactKey: Guid(41f70e70af801c8479aa11cebd1babde) Importer(815301076,1909f56bfc062723c751e8b465ee728b)
Start importing Assets/Skybox/Skybox_1/Textures/1K_Resolution/Right_1K_TEX.png using Guid(41f70e70af801c8479aa11cebd1babde) Importer(815301076,1909f56bfc062723c751e8b465ee728b)  -> (artifact id: '25bf93cd335e9be477fb1f7d7d820bf3') in 0.029542 seconds
  Import took 0.031997 seconds .

========================================================================
Received Import Request.
  Time since last request: 0.000265 seconds.
  path: Assets/Skybox/Skybox_1/Textures/1K_Resolution/Up_1K_TEX.png
  artifactKey: Guid(68fd53fc5d2a60d4faebe6a65d52793f) Importer(815301076,1909f56bfc062723c751e8b465ee728b)
Start importing Assets/Skybox/Skybox_1/Textures/1K_Resolution/Up_1K_TEX.png using Guid(68fd53fc5d2a60d4faebe6a65d52793f) Importer(815301076,1909f56bfc062723c751e8b465ee728b)  -> (artifact id: '82bf7a2bcecabe6e7ca313f58cb661fe') in 0.026722 seconds
  Import took 0.029105 seconds .

========================================================================
Received Import Request.
  Time since last request: 0.000322 seconds.
  path: Assets/Skybox/Skybox_1/Textures/1K_Resolution/Down_1K_TEX.png
  artifactKey: Guid(e6304ed6970a3cf4c833dabb80ee8d29) Importer(815301076,1909f56bfc062723c751e8b465ee728b)
Start importing Assets/Skybox/Skybox_1/Textures/1K_Resolution/Down_1K_TEX.png using Guid(e6304ed6970a3cf4c833dabb80ee8d29) Importer(815301076,1909f56bfc062723c751e8b465ee728b)  -> (artifact id: 'd4a10f28d04c2dce3d7a9d54bae44651') in 0.028724 seconds
  Import took 0.031089 seconds .

========================================================================
Received Import Request.
  Time since last request: 0.000237 seconds.
  path: Assets/Skybox/Skybox_1/Textures/1K_Resolution/Left_1K_TEX.png
  artifactKey: Guid(25c03fdd40dca27499a5ecdf702bb73c) Importer(815301076,1909f56bfc062723c751e8b465ee728b)
Start importing Assets/Skybox/Skybox_1/Textures/1K_Resolution/Left_1K_TEX.png using Guid(25c03fdd40dca27499a5ecdf702bb73c) Importer(815301076,1909f56bfc062723c751e8b465ee728b)  -> (artifact id: '605dc9d8acc17a264b474a7d3cd4c18a') in 0.027927 seconds
  Import took 0.030243 seconds .

========================================================================
Received Import Request.
  Time since last request: 1.348990 seconds.
  path: Assets/Skybox/Skybox_3/Purple_1K_Resolution.mat
  artifactKey: Guid(697dcc1a69e1a2c4ea5db483875ede85) Importer(815301076,1909f56bfc062723c751e8b465ee728b)
Start importing Assets/Skybox/Skybox_3/Purple_1K_Resolution.mat using Guid(697dcc1a69e1a2c4ea5db483875ede85) Importer(815301076,1909f56bfc062723c751e8b465ee728b)  -> (artifact id: '3510fb4ce4aef84d7c284b61bb7d5a23') in 0.060228 seconds
  Import took 0.062816 seconds .

========================================================================
Received Import Request.
  Time since last request: 0.000224 seconds.
  path: Assets/Skybox/Skybox_3/Purple_4K_Resolution.mat
  artifactKey: Guid(95ebf50189f880e4aa17c4fdba9007aa) Importer(815301076,1909f56bfc062723c751e8b465ee728b)
Start importing Assets/Skybox/Skybox_3/Purple_4K_Resolution.mat using Guid(95ebf50189f880e4aa17c4fdba9007aa) Importer(815301076,1909f56bfc062723c751e8b465ee728b)  -> (artifact id: '2c754ff4f2d1d79226b310cd2112f9c2') in 0.044566 seconds
  Import took 0.047380 seconds .

========================================================================
Received Import Request.
  Time since last request: 0.000192 seconds.
  path: Assets/Skybox/Skybox_3/Purple_2K_Resolution.mat
  artifactKey: Guid(246d4b1ad4a63004d8fcf3949494e5b3) Importer(815301076,1909f56bfc062723c751e8b465ee728b)
Start importing Assets/Skybox/Skybox_3/Purple_2K_Resolution.mat using Guid(246d4b1ad4a63004d8fcf3949494e5b3) Importer(815301076,1909f56bfc062723c751e8b465ee728b)  -> (artifact id: 'e648eba4ce4bc09fbc3cd380f45f89e1') in 0.044575 seconds
  Import took 0.047472 seconds .

========================================================================
Received Import Request.
  Time since last request: 1.136613 seconds.
  path: Assets/Skybox/Skybox_2/Green_1K_Resolution.mat
  artifactKey: Guid(7532f699e134c3547b373487f6b4d57f) Importer(815301076,1909f56bfc062723c751e8b465ee728b)
Start importing Assets/Skybox/Skybox_2/Green_1K_Resolution.mat using Guid(7532f699e134c3547b373487f6b4d57f) Importer(815301076,1909f56bfc062723c751e8b465ee728b)  -> (artifact id: '1c07f488b13a2a60a2b2bc96f1acf166') in 0.030403 seconds
  Import took 0.033001 seconds .

========================================================================
Received Import Request.
  Time since last request: 0.000211 seconds.
  path: Assets/Skybox/Skybox_2/Green_2K_Resoution.mat
  artifactKey: Guid(269967744bbed1849a317b8175dc3f43) Importer(815301076,1909f56bfc062723c751e8b465ee728b)
Start importing Assets/Skybox/Skybox_2/Green_2K_Resoution.mat using Guid(269967744bbed1849a317b8175dc3f43) Importer(815301076,1909f56bfc062723c751e8b465ee728b)  -> (artifact id: 'ef2fe8e2a0a43f90a6e6b8673dbe236f') in 0.042132 seconds
  Import took 0.045168 seconds .

========================================================================
Received Import Request.
  Time since last request: 0.000284 seconds.
  path: Assets/Skybox/Skybox_2/Green_4K_Resolution.mat
  artifactKey: Guid(b13109bc4674dd24ebc04b7c12437ad6) Importer(815301076,1909f56bfc062723c751e8b465ee728b)
Start importing Assets/Skybox/Skybox_2/Green_4K_Resolution.mat using Guid(b13109bc4674dd24ebc04b7c12437ad6) Importer(815301076,1909f56bfc062723c751e8b465ee728b)  -> (artifact id: '3678fd3b8452f3ddc0b9d2b44dd19501') in 0.041731 seconds
  Import took 0.045044 seconds .

========================================================================
Received Prepare
Registering precompiled user dll's ...
Registered in 0.001777 seconds.
Begin MonoManager ReloadAssembly
Native extension for WindowsStandalone target not found
Refreshing native plugins compatible for Editor in 0.31 ms, found 0 plugins.
Preloading 0 native plugins for Editor in 0.00 ms.
Invoked RoslynAnalysisRunner static constructor.
RoslynAnalysisRunner will not be running.
RoslynAnalysisRunner has terminated.
Mono: successfully reloaded assembly
- Completed reload, in  1.124 seconds
Platform modules already initialized, skipping
Refreshing native plugins compatible for Editor in 0.25 ms, found 0 plugins.
Preloading 0 native plugins for Editor in 0.00 ms.
Unloading 1108 Unused Serialized files (Serialized files now loaded: 0)
System memory in use before: 60.3 MB.
System memory in use after: 60.4 MB.

Unloading 5 unused Assets to reduce memory usage. Loaded Objects now: 1610.
Total: 1.958900 ms (FindLiveObjects: 0.230200 ms CreateObjectMapping: 0.037300 ms MarkObjects: 1.623100 ms  DeleteObjects: 0.067400 ms)

AssetImportWorkerClient::OnTransportError - code=2 error=End of file
